<?xml version="1.0" encoding="UTF-8"?>
<coverage generated="1605916703376" clover="3.2.0">
  <project timestamp="1605916703376" name="All files">
    <metrics statements="5" coveredstatements="5" conditionals="11" coveredconditionals="11" methods="2" coveredmethods="2" elements="18" coveredelements="18" complexity="0" loc="5" ncloc="5" packages="2" files="2" classes="2"/>
    <package name="Components">
      <metrics statements="4" coveredstatements="4" conditionals="11" coveredconditionals="11" methods="2" coveredmethods="2"/>
      <file name="Topbar.tsx" path="/Users/berni/Desktop/Codeworks/main-course/thesis/beerb/Components/Topbar.tsx">
        <metrics statements="4" coveredstatements="4" conditionals="11" coveredconditionals="11" methods="2" coveredmethods="2"/>
        <line num="20" count="8" type="stmt"/>
        <line num="22" count="8" type="stmt"/>
        <line num="29" count="1" type="stmt"/>
        <line num="67" count="1" type="stmt"/>
      </file>
    </package>
    <package name="assets">
      <metrics statements="1" coveredstatements="1" conditionals="0" coveredconditionals="0" methods="0" coveredmethods="0"/>
      <file name="open-menu.png" path="/Users/berni/Desktop/Codeworks/main-course/thesis/beerb/assets/open-menu.png">
        <metrics statements="1" coveredstatements="1" conditionals="0" coveredconditionals="0" methods="0" coveredmethods="0"/>
        <line num="1" count="1" type="stmt"/>
      </file>
    </package>
  </project>
</coverage>
