{"/Users/berni/Desktop/Codeworks/main-course/thesis/beerb/Components/Topbar.tsx": {"path":"/Users/berni/Desktop/Codeworks/main-course/thesis/beerb/Components/Topbar.tsx","statementMap":{"0":{"start":{"line":20,"column":16},"end":{"line":20,"column":26}},"1":{"start":{"line":22,"column":2},"end":{"line":62,"column":4}},"2":{"start":{"line":29,"column":12},"end":{"line":29,"column":36}},"3":{"start":{"line":67,"column":15},"end":{"line":115,"column":2}}},"fnMap":{"0":{"name":"Topbar","decl":{"start":{"line":9,"column":9},"end":{"line":9,"column":15}},"loc":{"start":{"line":19,"column":16},"end":{"line":63,"column":1}},"line":19},"1":{"name":"(anonymous_1)","decl":{"start":{"line":28,"column":19},"end":{"line":28,"column":20}},"loc":{"start":{"line":28,"column":25},"end":{"line":30,"column":11}},"line":28}},"branchMap":{"0":{"loc":{"start":{"line":35,"column":7},"end":{"line":35,"column":78}},"type":"binary-expr","locations":[{"start":{"line":35,"column":7},"end":{"line":35,"column":28}},{"start":{"line":35,"column":32},"end":{"line":35,"column":78}}],"line":35},"1":{"loc":{"start":{"line":36,"column":7},"end":{"line":40,"column":7}},"type":"binary-expr","locations":[{"start":{"line":36,"column":7},"end":{"line":36,"column":31}},{"start":{"line":37,"column":8},"end":{"line":39,"column":15}}],"line":36},"2":{"loc":{"start":{"line":41,"column":7},"end":{"line":53,"column":7}},"type":"binary-expr","locations":[{"start":{"line":41,"column":7},"end":{"line":41,"column":28}},{"start":{"line":42,"column":8},"end":{"line":52,"column":11}}],"line":41},"3":{"loc":{"start":{"line":44,"column":13},"end":{"line":44,"column":57}},"type":"binary-expr","locations":[{"start":{"line":44,"column":13},"end":{"line":44,"column":27}},{"start":{"line":44,"column":31},"end":{"line":44,"column":57}}],"line":44},"4":{"loc":{"start":{"line":54,"column":7},"end":{"line":60,"column":7}},"type":"binary-expr","locations":[{"start":{"line":54,"column":7},"end":{"line":54,"column":36}},{"start":{"line":54,"column":40},"end":{"line":54,"column":49}},{"start":{"line":55,"column":8},"end":{"line":59,"column":15}}],"line":54}},"s":{"0":8,"1":8,"2":1,"3":1},"f":{"0":8,"1":1},"b":{"0":[8,6],"1":[8,1],"2":[8,2],"3":[2,2],"4":[8,1,1]},"_coverageSchema":"1a1c01bbd47fc00a2c39e90264f33305004495a9","hash":"aa3ae531df0a2613827b85e77a25e68cf7c328b4"}
,"/Users/berni/Desktop/Codeworks/main-course/thesis/beerb/assets/open-menu.png": {"path":"/Users/berni/Desktop/Codeworks/main-course/thesis/beerb/assets/open-menu.png","statementMap":{"0":{"start":{"line":1,"column":0},"end":{"line":1,"column":19}}},"fnMap":{},"branchMap":{},"s":{"0":1},"f":{},"b":{},"inputSourceMap":null,"_coverageSchema":"1a1c01bbd47fc00a2c39e90264f33305004495a9","hash":"126ccacdc23f685284ea34969e864f21a7fbc11c"}
}
